#
# There is insufficient memory for the Java Runtime Environment to continue.
# Native memory allocation (malloc) failed to allocate 482096 bytes for Chunk::new
# Possible reasons:
#   The system is out of physical RAM or swap space
#   The process is running with CompressedOops enabled, and the Java Heap may be blocking the growth of the native heap
# Possible solutions:
#   Reduce memory load on the system
#   Increase physical memory or swap space
#   Check if swap backing store is full
#   Decrease Java heap size (-Xmx/-Xms)
#   Decrease number of Java threads
#   Decrease Java thread stack sizes (-Xss)
#   Set larger code cache with -XX:ReservedCodeCacheSize=
#   JVM is running with Unscaled Compressed Oops mode in which the Java heap is
#     placed in the first 4GB address space. The Java Heap base address is the
#     maximum limit for the native heap growth. Please use -XX:HeapBaseMinAddress
#     to set the Java Heap base and to place the Java Heap above 4GB virtual address.
# This output file may be truncated or incomplete.
#
#  Out of Memory Error (src/hotspot/share/memory/arena.cpp:197), pid=5268, tid=3708
#
# JRE version: OpenJDK Runtime Environment (11.0.15) (build 11.0.15+0-b2043.56-9505619)
# Java VM: OpenJDK 64-Bit Server VM (11.0.15+0-b2043.56-9505619, mixed mode, tiered, compressed oops, g1 gc, windows-amd64)
# No core dump will be written. Minidumps are not enabled by default on client versions of Windows
#

---------------  S U M M A R Y ------------

Command Line: --add-opens=java.base/java.util=ALL-UNNAMED --add-opens=java.base/java.lang=ALL-UNNAMED --add-opens=java.base/java.lang.invoke=ALL-UNNAMED --add-opens=java.base/java.util=ALL-UNNAMED --add-opens=java.prefs/java.util.prefs=ALL-UNNAMED --add-opens=java.prefs/java.util.prefs=ALL-UNNAMED --add-opens=java.base/java.nio.charset=ALL-UNNAMED --add-opens=java.base/java.net=ALL-UNNAMED --add-opens=java.base/java.util.concurrent.atomic=ALL-UNNAMED -Xmx1536M -Dfile.encoding=windows-1252 -Duser.country=US -Duser.language=en -Duser.variant org.gradle.launcher.daemon.bootstrap.GradleDaemon 7.4

Host: Intel(R) Core(TM) i5-8350U CPU @ 1.70GHz, 8 cores, 7G,  Windows 10 , 64 bit Build 19041 (10.0.19041.2788)
Time: Sun Apr 23 09:22:14 2023 Pakistan Standard Time elapsed time: 9.626256 seconds (0d 0h 0m 9s)

---------------  T H R E A D  ---------------

Current thread (0x0000026572ba4000):  JavaThread "C2 CompilerThread0" daemon [_thread_in_native, id=3708, stack(0x0000008e8a800000,0x0000008e8a900000)]


Current CompileTask:
C2:   9626 3594   !   4       java.util.concurrent.ConcurrentHashMap::computeIfAbsent (576 bytes)

Stack: [0x0000008e8a800000,0x0000008e8a900000]
Native frames: (J=compiled Java code, j=interpreted, Vv=VM code, C=native code)
V  [jvm.dll+0x64135a]
V  [jvm.dll+0x7d39f9]
V  [jvm.dll+0x7d51b9]
V  [jvm.dll+0x7d58a3]
V  [jvm.dll+0x2691c5]
V  [jvm.dll+0xc1a5c]
V  [jvm.dll+0xc200c]
V  [jvm.dll+0x3774a7]
V  [jvm.dll+0x342495]
V  [jvm.dll+0x34186a]
V  [jvm.dll+0x2214bd]
V  [jvm.dll+0x220498]
V  [jvm.dll+0x19e851]
V  [jvm.dll+0x230479]
V  [jvm.dll+0x22e5ef]
V  [jvm.dll+0x794de1]
V  [jvm.dll+0x78dc24]
V  [jvm.dll+0x6400f6]
C  [ucrtbase.dll+0x21bb2]
C  [KERNEL32.DLL+0x17604]
C  [ntdll.dll+0x526a1]


---------------  P R O C E S S  ---------------

Threads class SMR info:
_java_thread_list=0x00000265776ba7d0, length=37, elements={
0x00000265599d6000, 0x0000026572b83800, 0x0000026572b84800, 0x0000026572b9e000,
0x0000026572ba0000, 0x0000026572ba0800, 0x0000026572ba4000, 0x0000026572bb2800,
0x0000026572bb5800, 0x0000026573690000, 0x0000026574fb5800, 0x00000265739e8000,
0x0000026576311800, 0x0000026576328800, 0x00000265765de000, 0x000002657734e800,
0x000002657641d800, 0x00000265765bb000, 0x0000026576418800, 0x0000026576565000,
0x00000265772f3800, 0x00000265772f3000, 0x00000265772f6000, 0x00000265772f5800,
0x00000265772f4800, 0x00000265772f2000, 0x00000265772f1800, 0x00000265772f7000,
0x00000265772f8000, 0x00000265765c2800, 0x00000265765c0800, 0x00000265765c3000,
0x00000265765c4000, 0x00000265765bf000, 0x00000265765c5800, 0x00000265765c0000,
0x00000265765cb800
}

Java Threads: ( => current thread )
  0x00000265599d6000 JavaThread "main" [_thread_blocked, id=5732, stack(0x0000008e89c00000,0x0000008e89d00000)]
  0x0000026572b83800 JavaThread "Reference Handler" daemon [_thread_blocked, id=9912, stack(0x0000008e8a300000,0x0000008e8a400000)]
  0x0000026572b84800 JavaThread "Finalizer" daemon [_thread_blocked, id=10324, stack(0x0000008e8a400000,0x0000008e8a500000)]
  0x0000026572b9e000 JavaThread "Signal Dispatcher" daemon [_thread_blocked, id=3460, stack(0x0000008e8a500000,0x0000008e8a600000)]
  0x0000026572ba0000 JavaThread "Attach Listener" daemon [_thread_blocked, id=7296, stack(0x0000008e8a600000,0x0000008e8a700000)]
  0x0000026572ba0800 JavaThread "Service Thread" daemon [_thread_blocked, id=9344, stack(0x0000008e8a700000,0x0000008e8a800000)]
=>0x0000026572ba4000 JavaThread "C2 CompilerThread0" daemon [_thread_in_native, id=3708, stack(0x0000008e8a800000,0x0000008e8a900000)]
  0x0000026572bb2800 JavaThread "C1 CompilerThread0" daemon [_thread_blocked, id=8572, stack(0x0000008e8a900000,0x0000008e8aa00000)]
  0x0000026572bb5800 JavaThread "Sweeper thread" daemon [_thread_blocked, id=8640, stack(0x0000008e8aa00000,0x0000008e8ab00000)]
  0x0000026573690000 JavaThread "Common-Cleaner" daemon [_thread_blocked, id=7708, stack(0x0000008e8ab00000,0x0000008e8ac00000)]
  0x0000026574fb5800 JavaThread "Daemon health stats" [_thread_blocked, id=4276, stack(0x0000008e8ae00000,0x0000008e8af00000)]
  0x00000265739e8000 JavaThread "Incoming local TCP Connector on port 50678" [_thread_in_native, id=8648, stack(0x0000008e8af00000,0x0000008e8b000000)]
  0x0000026576311800 JavaThread "Daemon periodic checks" [_thread_blocked, id=3800, stack(0x0000008e8b000000,0x0000008e8b100000)]
  0x0000026576328800 JavaThread "Daemon" [_thread_blocked, id=6308, stack(0x0000008e8b100000,0x0000008e8b200000)]
  0x00000265765de000 JavaThread "Handler for socket connection from /127.0.0.1:50678 to /127.0.0.1:50679" [_thread_in_native, id=13108, stack(0x0000008e8b200000,0x0000008e8b300000)]
  0x000002657734e800 JavaThread "Cancel handler" [_thread_blocked, id=6068, stack(0x0000008e8b300000,0x0000008e8b400000)]
  0x000002657641d800 JavaThread "Daemon worker" [_thread_in_vm, id=6140, stack(0x0000008e8b400000,0x0000008e8b500000)]
  0x00000265765bb000 JavaThread "Asynchronous log dispatcher for DefaultDaemonConnection: socket connection from /127.0.0.1:50678 to /127.0.0.1:50679" [_thread_blocked, id=11312, stack(0x0000008e8b500000,0x0000008e8b600000)]
  0x0000026576418800 JavaThread "Stdin handler" [_thread_blocked, id=1888, stack(0x0000008e8b600000,0x0000008e8b700000)]
  0x0000026576565000 JavaThread "Daemon client event forwarder" [_thread_blocked, id=3440, stack(0x0000008e8b700000,0x0000008e8b800000)]
  0x00000265772f3800 JavaThread "Cache worker for journal cache (C:\Users\hp\.gradle\caches\journal-1)" [_thread_blocked, id=1448, stack(0x0000008e8be00000,0x0000008e8bf00000)]
  0x00000265772f3000 JavaThread "File lock request listener" [_thread_in_native, id=10008, stack(0x0000008e8bf00000,0x0000008e8c000000)]
  0x00000265772f6000 JavaThread "Cache worker for file hash cache (C:\Users\hp\.gradle\caches\7.4\fileHashes)" [_thread_blocked, id=1716, stack(0x0000008e8c000000,0x0000008e8c100000)]
  0x00000265772f5800 JavaThread "File watcher server" daemon [_thread_in_native, id=3216, stack(0x0000008e8c200000,0x0000008e8c300000)]
  0x00000265772f4800 JavaThread "File watcher consumer" daemon [_thread_blocked, id=2300, stack(0x0000008e8c300000,0x0000008e8c400000)]
  0x00000265772f2000 JavaThread "Cache worker for checksums cache (F:\bmi_calculator_app-master\android\.gradle\7.4\checksums)" [_thread_blocked, id=14696, stack(0x0000008e8c400000,0x0000008e8c500000)]
  0x00000265772f1800 JavaThread "Cache worker for cache directory md-rule (C:\Users\hp\.gradle\caches\7.4\md-rule)" [_thread_blocked, id=3016, stack(0x0000008e8c500000,0x0000008e8c600000)]
  0x00000265772f7000 JavaThread "Cache worker for file hash cache (F:\bmi_calculator_app-master\android\.gradle\7.4\fileHashes)" [_thread_blocked, id=3364, stack(0x0000008e8c600000,0x0000008e8c700000)]
  0x00000265772f8000 JavaThread "Cache worker for cache directory md-supplier (C:\Users\hp\.gradle\caches\7.4\md-supplier)" [_thread_blocked, id=3180, stack(0x0000008e8c700000,0x0000008e8c800000)]
  0x00000265765c2800 JavaThread "Cache worker for execution history cache (C:\Users\hp\.gradle\caches\7.4\executionHistory)" [_thread_blocked, id=10988, stack(0x0000008e8c800000,0x0000008e8c900000)]
  0x00000265765c0800 JavaThread "jar transforms" [_thread_blocked, id=1472, stack(0x0000008e8c900000,0x0000008e8ca00000)]
  0x00000265765c3000 JavaThread "jar transforms Thread 2" [_thread_blocked, id=2148, stack(0x0000008e8ca00000,0x0000008e8cb00000)]
  0x00000265765c4000 JavaThread "Cache worker for file content cache (C:\Users\hp\.gradle\caches\7.4\fileContent)" [_thread_blocked, id=14148, stack(0x0000008e8cb00000,0x0000008e8cc00000)]
  0x00000265765bf000 JavaThread "jar transforms Thread 3" [_thread_blocked, id=6780, stack(0x0000008e8cc00000,0x0000008e8cd00000)]
  0x00000265765c5800 JavaThread "jar transforms Thread 4" [_thread_blocked, id=8476, stack(0x0000008e8cd00000,0x0000008e8ce00000)]
  0x00000265765c0000 JavaThread "Cache worker for dependencies-accessors (F:\bmi_calculator_app-master\android\.gradle\7.4\dependencies-accessors)" [_thread_blocked, id=6404, stack(0x0000008e8ce00000,0x0000008e8cf00000)]
  0x00000265765cb800 JavaThread "jar transforms Thread 5" [_thread_blocked, id=9444, stack(0x0000008e8cf00000,0x0000008e8d000000)]

Other Threads:
  0x0000026572b60000 VMThread "VM Thread" [stack: 0x0000008e8a200000,0x0000008e8a300000] [id=10976]
  0x00000265736a7800 WatcherThread [stack: 0x0000008e8ac00000,0x0000008e8ad00000] [id=1620]
  0x00000265599ee000 GCTaskThread "GC Thread#0" [stack: 0x0000008e89d00000,0x0000008e89e00000] [id=11320]
  0x00000265741fb800 GCTaskThread "GC Thread#1" [stack: 0x0000008e8ad00000,0x0000008e8ae00000] [id=7148]
  0x0000026574abc800 GCTaskThread "GC Thread#2" [stack: 0x0000008e8b800000,0x0000008e8b900000] [id=1828]
  0x0000026574f15800 GCTaskThread "GC Thread#3" [stack: 0x0000008e8b900000,0x0000008e8ba00000] [id=4780]
  0x0000026573ada000 GCTaskThread "GC Thread#4" [stack: 0x0000008e8ba00000,0x0000008e8bb00000] [id=4752]
  0x0000026576415800 GCTaskThread "GC Thread#5" [stack: 0x0000008e8bb00000,0x0000008e8bc00000] [id=8520]
  0x0000026576565800 GCTaskThread "GC Thread#6" [stack: 0x0000008e8bc00000,0x0000008e8bd00000] [id=2460]
  0x0000026576410800 GCTaskThread "GC Thread#7" [stack: 0x0000008e8bd00000,0x0000008e8be00000] [id=1340]
  0x0000026559a14000 ConcurrentGCThread "G1 Main Marker" [stack: 0x0000008e89e00000,0x0000008e89f00000] [id=13812]
  0x0000026559a15800 ConcurrentGCThread "G1 Conc#0" [stack: 0x0000008e89f00000,0x0000008e8a000000] [id=9312]
  0x0000026576c03000 ConcurrentGCThread "G1 Conc#1" [stack: 0x0000008e8c100000,0x0000008e8c200000] [id=1804]
  0x0000026559aa5000 ConcurrentGCThread "G1 Refine#0" [stack: 0x0000008e8a000000,0x0000008e8a100000] [id=6600]
  0x0000026559aa6000 ConcurrentGCThread "G1 Young RemSet Sampling" [stack: 0x0000008e8a100000,0x0000008e8a200000] [id=9356]

Threads with active compile tasks:
C2 CompilerThread0     9677 3594   !   4       java.util.concurrent.ConcurrentHashMap::computeIfAbsent (576 bytes)

VM state:not at safepoint (normal execution)

VM Mutex/Monitor currently owned by a thread: None

Heap address: 0x00000000a0000000, size: 1536 MB, Compressed Oops mode: 32-bit
Narrow klass base: 0x0000000000000000, Narrow klass shift: 3
Compressed class space size: 1073741824 Address: 0x0000000100000000

Heap:
 garbage-first heap   total 126976K, used 51736K [0x00000000a0000000, 0x0000000100000000)
  region size 1024K, 30 young (30720K), 7 survivors (7168K)
 Metaspace       used 44585K, capacity 45643K, committed 45776K, reserved 1089536K
  class space    used 5597K, capacity 5980K, committed 6016K, reserved 1048576K
Heap Regions: E=young(eden), S=young(survivor), O=old, HS=humongous(starts), HC=humongous(continues), CS=collection set, F=free, A=archive, TAMS=top-at-mark-start (previous, next)
|   0|0x00000000a0000000, 0x00000000a0100000, 0x00000000a0100000|100%| O|  |TAMS 0x00000000a0100000, 0x00000000a0000000| Untracked 
|   1|0x00000000a0100000, 0x00000000a0200000, 0x00000000a0200000|100%| O|  |TAMS 0x00000000a0200000, 0x00000000a0100000| Untracked 
|   2|0x00000000a0200000, 0x00000000a0300000, 0x00000000a0300000|100%| O|  |TAMS 0x00000000a0300000, 0x00000000a0200000| Untracked 
|   3|0x00000000a0300000, 0x00000000a0400000, 0x00000000a0400000|100%|HS|  |TAMS 0x00000000a0400000, 0x00000000a0300000| Complete 
|   4|0x00000000a0400000, 0x00000000a0500000, 0x00000000a0500000|100%|HC|  |TAMS 0x00000000a0500000, 0x00000000a0400000| Complete 
|   5|0x00000000a0500000, 0x00000000a0600000, 0x00000000a0600000|100%|HC|  |TAMS 0x00000000a0600000, 0x00000000a0500000| Complete 
|   6|0x00000000a0600000, 0x00000000a0700000, 0x00000000a0700000|100%| O|  |TAMS 0x00000000a0700000, 0x00000000a0600000| Untracked 
|   7|0x00000000a0700000, 0x00000000a0800000, 0x00000000a0800000|100%| O|  |TAMS 0x00000000a0800000, 0x00000000a0700000| Untracked 
|   8|0x00000000a0800000, 0x00000000a0900000, 0x00000000a0900000|100%| O|  |TAMS 0x00000000a0900000, 0x00000000a0800000| Untracked 
|   9|0x00000000a0900000, 0x00000000a0a00000, 0x00000000a0a00000|100%| O|  |TAMS 0x00000000a0a00000, 0x00000000a0900000| Untracked 
|  10|0x00000000a0a00000, 0x00000000a0b00000, 0x00000000a0b00000|100%| O|  |TAMS 0x00000000a0b00000, 0x00000000a0a00000| Untracked 
|  11|0x00000000a0b00000, 0x00000000a0c00000, 0x00000000a0c00000|100%| O|  |TAMS 0x00000000a0c00000, 0x00000000a0b00000| Untracked 
|  12|0x00000000a0c00000, 0x00000000a0d00000, 0x00000000a0d00000|100%| O|  |TAMS 0x00000000a0d00000, 0x00000000a0c00000| Untracked 
|  13|0x00000000a0d00000, 0x00000000a0e00000, 0x00000000a0e00000|100%| O|  |TAMS 0x00000000a0e00000, 0x00000000a0d00000| Untracked 
|  14|0x00000000a0e00000, 0x00000000a0f00000, 0x00000000a0f00000|100%| O|  |TAMS 0x00000000a0f00000, 0x00000000a0e00000| Untracked 
|  15|0x00000000a0f00000, 0x00000000a1000000, 0x00000000a1000000|100%| O|  |TAMS 0x00000000a0f8c800, 0x00000000a0f00000| Untracked 
|  16|0x00000000a1000000, 0x00000000a1000000, 0x00000000a1100000|  0%| F|  |TAMS 0x00000000a1000000, 0x00000000a1000000| Untracked 
|  17|0x00000000a1100000, 0x00000000a1200000, 0x00000000a1200000|100%| O|  |TAMS 0x00000000a1100000, 0x00000000a1100000| Untracked 
|  18|0x00000000a1200000, 0x00000000a1300000, 0x00000000a1300000|100%| O|  |TAMS 0x00000000a1200000, 0x00000000a1200000| Untracked 
|  19|0x00000000a1300000, 0x00000000a1400000, 0x00000000a1400000|100%| O|  |TAMS 0x00000000a1300000, 0x00000000a1300000| Untracked 
|  20|0x00000000a1400000, 0x00000000a1500000, 0x00000000a1500000|100%| O|  |TAMS 0x00000000a1400000, 0x00000000a1400000| Untracked 
|  21|0x00000000a1500000, 0x00000000a1600000, 0x00000000a1600000|100%| O|  |TAMS 0x00000000a1500000, 0x00000000a1500000| Untracked 
|  22|0x00000000a1600000, 0x00000000a1700000, 0x00000000a1700000|100%| O|  |TAMS 0x00000000a1600000, 0x00000000a1600000| Untracked 
|  23|0x00000000a1700000, 0x00000000a170be00, 0x00000000a1800000|  4%| O|  |TAMS 0x00000000a1700000, 0x00000000a1700000| Untracked 
|  24|0x00000000a1800000, 0x00000000a1800000, 0x00000000a1900000|  0%| F|  |TAMS 0x00000000a1800000, 0x00000000a1800000| Untracked 
|  25|0x00000000a1900000, 0x00000000a1900000, 0x00000000a1a00000|  0%| F|  |TAMS 0x00000000a1900000, 0x00000000a1900000| Untracked 
|  26|0x00000000a1a00000, 0x00000000a1a00000, 0x00000000a1b00000|  0%| F|  |TAMS 0x00000000a1a00000, 0x00000000a1a00000| Untracked 
|  27|0x00000000a1b00000, 0x00000000a1b00000, 0x00000000a1c00000|  0%| F|  |TAMS 0x00000000a1b00000, 0x00000000a1b00000| Untracked 
|  28|0x00000000a1c00000, 0x00000000a1c00000, 0x00000000a1d00000|  0%| F|  |TAMS 0x00000000a1c00000, 0x00000000a1c00000| Untracked 
|  29|0x00000000a1d00000, 0x00000000a1d00000, 0x00000000a1e00000|  0%| F|  |TAMS 0x00000000a1d00000, 0x00000000a1d00000| Untracked 
|  30|0x00000000a1e00000, 0x00000000a1e00000, 0x00000000a1f00000|  0%| F|  |TAMS 0x00000000a1e00000, 0x00000000a1e00000| Untracked 
|  31|0x00000000a1f00000, 0x00000000a1f00000, 0x00000000a2000000|  0%| F|  |TAMS 0x00000000a1f00000, 0x00000000a1f00000| Untracked 
|  32|0x00000000a2000000, 0x00000000a2000000, 0x00000000a2100000|  0%| F|  |TAMS 0x00000000a2000000, 0x00000000a2000000| Untracked 
|  33|0x00000000a2100000, 0x00000000a2100000, 0x00000000a2200000|  0%| F|  |TAMS 0x00000000a2100000, 0x00000000a2100000| Untracked 
|  34|0x00000000a2200000, 0x00000000a2200000, 0x00000000a2300000|  0%| F|  |TAMS 0x00000000a2200000, 0x00000000a2200000| Untracked 
|  35|0x00000000a2300000, 0x00000000a2300000, 0x00000000a2400000|  0%| F|  |TAMS 0x00000000a2300000, 0x00000000a2300000| Untracked 
|  36|0x00000000a2400000, 0x00000000a2400000, 0x00000000a2500000|  0%| F|  |TAMS 0x00000000a2400000, 0x00000000a2400000| Untracked 
|  37|0x00000000a2500000, 0x00000000a2500000, 0x00000000a2600000|  0%| F|  |TAMS 0x00000000a2500000, 0x00000000a2500000| Untracked 
|  38|0x00000000a2600000, 0x00000000a2600000, 0x00000000a2700000|  0%| F|  |TAMS 0x00000000a2600000, 0x00000000a2600000| Untracked 
|  39|0x00000000a2700000, 0x00000000a2700000, 0x00000000a2800000|  0%| F|  |TAMS 0x00000000a2700000, 0x00000000a2700000| Untracked 
|  40|0x00000000a2800000, 0x00000000a2800000, 0x00000000a2900000|  0%| F|  |TAMS 0x00000000a2800000, 0x00000000a2800000| Untracked 
|  41|0x00000000a2900000, 0x00000000a2900000, 0x00000000a2a00000|  0%| F|  |TAMS 0x00000000a2900000, 0x00000000a2900000| Untracked 
|  42|0x00000000a2a00000, 0x00000000a2a00000, 0x00000000a2b00000|  0%| F|  |TAMS 0x00000000a2a00000, 0x00000000a2a00000| Untracked 
|  43|0x00000000a2b00000, 0x00000000a2b00000, 0x00000000a2c00000|  0%| F|  |TAMS 0x00000000a2b00000, 0x00000000a2b00000| Untracked 
|  44|0x00000000a2c00000, 0x00000000a2c00000, 0x00000000a2d00000|  0%| F|  |TAMS 0x00000000a2c00000, 0x00000000a2c00000| Untracked 
|  45|0x00000000a2d00000, 0x00000000a2d00000, 0x00000000a2e00000|  0%| F|  |TAMS 0x00000000a2d00000, 0x00000000a2d00000| Untracked 
|  46|0x00000000a2e00000, 0x00000000a2e00000, 0x00000000a2f00000|  0%| F|  |TAMS 0x00000000a2e00000, 0x00000000a2e00000| Untracked 
|  47|0x00000000a2f00000, 0x00000000a2f00000, 0x00000000a3000000|  0%| F|  |TAMS 0x00000000a2f00000, 0x00000000a2f00000| Untracked 
|  48|0x00000000a3000000, 0x00000000a3000000, 0x00000000a3100000|  0%| F|  |TAMS 0x00000000a3000000, 0x00000000a3000000| Untracked 
|  49|0x00000000a3100000, 0x00000000a3100000, 0x00000000a3200000|  0%| F|  |TAMS 0x00000000a3100000, 0x00000000a3100000| Untracked 
|  50|0x00000000a3200000, 0x00000000a3200000, 0x00000000a3300000|  0%| F|  |TAMS 0x00000000a3200000, 0x00000000a3200000| Untracked 
|  51|0x00000000a3300000, 0x00000000a3300000, 0x00000000a3400000|  0%| F|  |TAMS 0x00000000a3300000, 0x00000000a3300000| Untracked 
|  52|0x00000000a3400000, 0x00000000a3400000, 0x00000000a3500000|  0%| F|  |TAMS 0x00000000a3400000, 0x00000000a3400000| Untracked 
|  53|0x00000000a3500000, 0x00000000a3500000, 0x00000000a3600000|  0%| F|  |TAMS 0x00000000a3500000, 0x00000000a3500000| Untracked 
|  54|0x00000000a3600000, 0x00000000a3600000, 0x00000000a3700000|  0%| F|  |TAMS 0x00000000a3600000, 0x00000000a3600000| Untracked 
|  55|0x00000000a3700000, 0x00000000a3700000, 0x00000000a3800000|  0%| F|  |TAMS 0x00000000a3700000, 0x00000000a3700000| Untracked 
|  56|0x00000000a3800000, 0x00000000a3800000, 0x00000000a3900000|  0%| F|  |TAMS 0x00000000a3800000, 0x00000000a3800000| Untracked 
|  57|0x00000000a3900000, 0x00000000a3900000, 0x00000000a3a00000|  0%| F|  |TAMS 0x00000000a3900000, 0x00000000a3900000| Untracked 
|  58|0x00000000a3a00000, 0x00000000a3a00000, 0x00000000a3b00000|  0%| F|  |TAMS 0x00000000a3a00000, 0x00000000a3a00000| Untracked 
|  59|0x00000000a3b00000, 0x00000000a3b00000, 0x00000000a3c00000|  0%| F|  |TAMS 0x00000000a3b00000, 0x00000000a3b00000| Untracked 
|  60|0x00000000a3c00000, 0x00000000a3c7a598, 0x00000000a3d00000| 47%| S|CS|TAMS 0x00000000a3c00000, 0x00000000a3c00000| Complete 
|  61|0x00000000a3d00000, 0x00000000a3e00000, 0x00000000a3e00000|100%| S|CS|TAMS 0x00000000a3d00000, 0x00000000a3d00000| Complete 
|  62|0x00000000a3e00000, 0x00000000a3e00000, 0x00000000a3f00000|  0%| F|  |TAMS 0x00000000a3e00000, 0x00000000a3e00000| Untracked 
|  63|0x00000000a3f00000, 0x00000000a3f00000, 0x00000000a4000000|  0%| F|  |TAMS 0x00000000a3f00000, 0x00000000a3f00000| Untracked 
|  64|0x00000000a4000000, 0x00000000a4000000, 0x00000000a4100000|  0%| F|  |TAMS 0x00000000a4000000, 0x00000000a4000000| Untracked 
|  65|0x00000000a4100000, 0x00000000a4100000, 0x00000000a4200000|  0%| F|  |TAMS 0x00000000a4100000, 0x00000000a4100000| Untracked 
|  66|0x00000000a4200000, 0x00000000a4200000, 0x00000000a4300000|  0%| F|  |TAMS 0x00000000a4200000, 0x00000000a4200000| Untracked 
|  67|0x00000000a4300000, 0x00000000a4300000, 0x00000000a4400000|  0%| F|  |TAMS 0x00000000a4300000, 0x00000000a4300000| Untracked 
|  68|0x00000000a4400000, 0x00000000a4400000, 0x00000000a4500000|  0%| F|  |TAMS 0x00000000a4400000, 0x00000000a4400000| Untracked 
|  69|0x00000000a4500000, 0x00000000a4600000, 0x00000000a4600000|100%| S|CS|TAMS 0x00000000a4500000, 0x00000000a4500000| Complete 
|  70|0x00000000a4600000, 0x00000000a4700000, 0x00000000a4700000|100%| S|CS|TAMS 0x00000000a4600000, 0x00000000a4600000| Complete 
|  71|0x00000000a4700000, 0x00000000a4800000, 0x00000000a4800000|100%| S|CS|TAMS 0x00000000a4700000, 0x00000000a4700000| Complete 
|  72|0x00000000a4800000, 0x00000000a4900000, 0x00000000a4900000|100%| S|CS|TAMS 0x00000000a4800000, 0x00000000a4800000| Complete 
|  73|0x00000000a4900000, 0x00000000a4a00000, 0x00000000a4a00000|100%| S|CS|TAMS 0x00000000a4900000, 0x00000000a4900000| Complete 
|  74|0x00000000a4a00000, 0x00000000a4a00000, 0x00000000a4b00000|  0%| F|  |TAMS 0x00000000a4a00000, 0x00000000a4a00000| Untracked 
|  75|0x00000000a4b00000, 0x00000000a4b00000, 0x00000000a4c00000|  0%| F|  |TAMS 0x00000000a4b00000, 0x00000000a4b00000| Untracked 
|  76|0x00000000a4c00000, 0x00000000a4c00000, 0x00000000a4d00000|  0%| F|  |TAMS 0x00000000a4c00000, 0x00000000a4c00000| Untracked 
|  77|0x00000000a4d00000, 0x00000000a4d00000, 0x00000000a4e00000|  0%| F|  |TAMS 0x00000000a4d00000, 0x00000000a4d00000| Untracked 
|  78|0x00000000a4e00000, 0x00000000a4e00000, 0x00000000a4f00000|  0%| F|  |TAMS 0x00000000a4e00000, 0x00000000a4e00000| Untracked 
|  79|0x00000000a4f00000, 0x00000000a4f00000, 0x00000000a5000000|  0%| F|  |TAMS 0x00000000a4f00000, 0x00000000a4f00000| Untracked 
|  80|0x00000000a5000000, 0x00000000a5000000, 0x00000000a5100000|  0%| F|  |TAMS 0x00000000a5000000, 0x00000000a5000000| Untracked 
|  81|0x00000000a5100000, 0x00000000a5100000, 0x00000000a5200000|  0%| F|  |TAMS 0x00000000a5100000, 0x00000000a5100000| Untracked 
|  82|0x00000000a5200000, 0x00000000a5200000, 0x00000000a5300000|  0%| F|  |TAMS 0x00000000a5200000, 0x00000000a5200000| Untracked 
|  83|0x00000000a5300000, 0x00000000a5300000, 0x00000000a5400000|  0%| F|  |TAMS 0x00000000a5300000, 0x00000000a5300000| Untracked 
|  84|0x00000000a5400000, 0x00000000a5400000, 0x00000000a5500000|  0%| F|  |TAMS 0x00000000a5400000, 0x00000000a5400000| Untracked 
|  85|0x00000000a5500000, 0x00000000a5500000, 0x00000000a5600000|  0%| F|  |TAMS 0x00000000a5500000, 0x00000000a5500000| Untracked 
|  86|0x00000000a5600000, 0x00000000a5600000, 0x00000000a5700000|  0%| F|  |TAMS 0x00000000a5600000, 0x00000000a5600000| Untracked 
|  87|0x00000000a5700000, 0x00000000a5700000, 0x00000000a5800000|  0%| F|  |TAMS 0x00000000a5700000, 0x00000000a5700000| Untracked 
|  88|0x00000000a5800000, 0x00000000a5800000, 0x00000000a5900000|  0%| F|  |TAMS 0x00000000a5800000, 0x00000000a5800000| Untracked 
|  89|0x00000000a5900000, 0x00000000a5900000, 0x00000000a5a00000|  0%| F|  |TAMS 0x00000000a5900000, 0x00000000a5900000| Untracked 
|  90|0x00000000a5a00000, 0x00000000a5a00000, 0x00000000a5b00000|  0%| F|  |TAMS 0x00000000a5a00000, 0x00000000a5a00000| Untracked 
|  91|0x00000000a5b00000, 0x00000000a5b00000, 0x00000000a5c00000|  0%| F|  |TAMS 0x00000000a5b00000, 0x00000000a5b00000| Untracked 
|  92|0x00000000a5c00000, 0x00000000a5c00000, 0x00000000a5d00000|  0%| F|  |TAMS 0x00000000a5c00000, 0x00000000a5c00000| Untracked 
|  93|0x00000000a5d00000, 0x00000000a5d00000, 0x00000000a5e00000|  0%| F|  |TAMS 0x00000000a5d00000, 0x00000000a5d00000| Untracked 
|  94|0x00000000a5e00000, 0x00000000a5e00000, 0x00000000a5f00000|  0%| F|  |TAMS 0x00000000a5e00000, 0x00000000a5e00000| Untracked 
|  95|0x00000000a5f00000, 0x00000000a5f00000, 0x00000000a6000000|  0%| F|  |TAMS 0x00000000a5f00000, 0x00000000a5f00000| Untracked 
|  96|0x00000000a6000000, 0x00000000a6000000, 0x00000000a6100000|  0%| F|  |TAMS 0x00000000a6000000, 0x00000000a6000000| Untracked 
|  97|0x00000000a6100000, 0x00000000a6100000, 0x00000000a6200000|  0%| F|  |TAMS 0x00000000a6100000, 0x00000000a6100000| Untracked 
|  98|0x00000000a6200000, 0x00000000a6200000, 0x00000000a6300000|  0%| F|  |TAMS 0x00000000a6200000, 0x00000000a6200000| Untracked 
|  99|0x00000000a6300000, 0x00000000a6300000, 0x00000000a6400000|  0%| F|  |TAMS 0x00000000a6300000, 0x00000000a6300000| Untracked 
| 100|0x00000000a6400000, 0x00000000a6400000, 0x00000000a6500000|  0%| F|  |TAMS 0x00000000a6400000, 0x00000000a6400000| Untracked 
| 101|0x00000000a6500000, 0x00000000a6580800, 0x00000000a6600000| 50%| E|  |TAMS 0x00000000a6500000, 0x00000000a6500000| Complete 
| 102|0x00000000a6600000, 0x00000000a6700000, 0x00000000a6700000|100%| E|CS|TAMS 0x00000000a6600000, 0x00000000a6600000| Complete 
| 103|0x00000000a6700000, 0x00000000a6800000, 0x00000000a6800000|100%| E|CS|TAMS 0x00000000a6700000, 0x00000000a6700000| Complete 
| 104|0x00000000a6800000, 0x00000000a6900000, 0x00000000a6900000|100%| E|CS|TAMS 0x00000000a6800000, 0x00000000a6800000| Complete 
| 105|0x00000000a6900000, 0x00000000a6a00000, 0x00000000a6a00000|100%| E|CS|TAMS 0x00000000a6900000, 0x00000000a6900000| Complete 
| 106|0x00000000a6a00000, 0x00000000a6b00000, 0x00000000a6b00000|100%| E|CS|TAMS 0x00000000a6a00000, 0x00000000a6a00000| Complete 
| 107|0x00000000a6b00000, 0x00000000a6c00000, 0x00000000a6c00000|100%| E|CS|TAMS 0x00000000a6b00000, 0x00000000a6b00000| Complete 
| 108|0x00000000a6c00000, 0x00000000a6d00000, 0x00000000a6d00000|100%| E|CS|TAMS 0x00000000a6c00000, 0x00000000a6c00000| Complete 
| 109|0x00000000a6d00000, 0x00000000a6e00000, 0x00000000a6e00000|100%| E|CS|TAMS 0x00000000a6d00000, 0x00000000a6d00000| Complete 
| 110|0x00000000a6e00000, 0x00000000a6f00000, 0x00000000a6f00000|100%| E|CS|TAMS 0x00000000a6e00000, 0x00000000a6e00000| Complete 
| 111|0x00000000a6f00000, 0x00000000a7000000, 0x00000000a7000000|100%| E|CS|TAMS 0x00000000a6f00000, 0x00000000a6f00000| Complete 
| 112|0x00000000a7000000, 0x00000000a7100000, 0x00000000a7100000|100%| E|CS|TAMS 0x00000000a7000000, 0x00000000a7000000| Complete 
| 113|0x00000000a7100000, 0x00000000a7200000, 0x00000000a7200000|100%| E|CS|TAMS 0x00000000a7100000, 0x00000000a7100000| Complete 
| 114|0x00000000a7200000, 0x00000000a7300000, 0x00000000a7300000|100%| E|CS|TAMS 0x00000000a7200000, 0x00000000a7200000| Complete 
| 115|0x00000000a7300000, 0x00000000a7400000, 0x00000000a7400000|100%| E|CS|TAMS 0x00000000a7300000, 0x00000000a7300000| Complete 
| 116|0x00000000a7400000, 0x00000000a7500000, 0x00000000a7500000|100%| E|CS|TAMS 0x00000000a7400000, 0x00000000a7400000| Complete 
| 117|0x00000000a7500000, 0x00000000a7600000, 0x00000000a7600000|100%| E|CS|TAMS 0x00000000a7500000, 0x00000000a7500000| Complete 
| 118|0x00000000a7600000, 0x00000000a7700000, 0x00000000a7700000|100%| E|CS|TAMS 0x00000000a7600000, 0x00000000a7600000| Complete 
| 119|0x00000000a7700000, 0x00000000a7800000, 0x00000000a7800000|100%| E|CS|TAMS 0x00000000a7700000, 0x00000000a7700000| Complete 
| 120|0x00000000a7800000, 0x00000000a7900000, 0x00000000a7900000|100%| E|CS|TAMS 0x00000000a7800000, 0x00000000a7800000| Complete 
| 121|0x00000000a7900000, 0x00000000a7a00000, 0x00000000a7a00000|100%| E|CS|TAMS 0x00000000a7900000, 0x00000000a7900000| Complete 
| 122|0x00000000a7a00000, 0x00000000a7b00000, 0x00000000a7b00000|100%| E|CS|TAMS 0x00000000a7a00000, 0x00000000a7a00000| Complete 
| 123|0x00000000a7b00000, 0x00000000a7c00000, 0x00000000a7c00000|100%| E|CS|TAMS 0x00000000a7b00000, 0x00000000a7b00000| Complete 

Card table byte_map: [0x000002656cb30000,0x000002656ce30000] _byte_map_base: 0x000002656c630000

Marking Bits (Prev, Next): (CMBitMap*) 0x0000026559a0d638, (CMBitMap*) 0x0000026559a0d670
 Prev Bits: [0x000002656d130000, 0x000002656e930000)
 Next Bits: [0x000002656e930000, 0x0000026570130000)

Polling page: 0x0000026557920000

Metaspace:

Usage:
  Non-class:     38.73 MB capacity,    38.09 MB ( 98%) used,   559.77 KB (  1%) free+waste,   103.38 KB ( <1%) overhead. 
      Class:      5.87 MB capacity,     5.47 MB ( 93%) used,   361.71 KB (  6%) free+waste,    49.12 KB ( <1%) overhead. 
       Both:     44.61 MB capacity,    43.56 MB ( 98%) used,   921.48 KB (  2%) free+waste,   152.50 KB ( <1%) overhead. 

Virtual space:
  Non-class space:       40.00 MB reserved,      38.83 MB ( 97%) committed 
      Class space:        1.00 GB reserved,       5.88 MB ( <1%) committed 
             Both:        1.04 GB reserved,      44.70 MB (  4%) committed 

Chunk freelists:
   Non-Class:  32.00 KB
       Class:  3.00 KB
        Both:  35.00 KB

MaxMetaspaceSize: 17179869184.00 GB
CompressedClassSpaceSize: 1.00 GB
Initial GC threshold: 20.80 MB
Current GC threshold: 58.88 MB
CDS: off

CodeHeap 'non-profiled nmethods': size=120000Kb used=1517Kb max_used=1517Kb free=118482Kb
 bounds [0x0000026564fd0000, 0x0000026565240000, 0x000002656c500000]
CodeHeap 'profiled nmethods': size=120000Kb used=7558Kb max_used=7558Kb free=112441Kb
 bounds [0x000002655daa0000, 0x000002655e210000, 0x0000026564fd0000]
CodeHeap 'non-nmethods': size=5760Kb used=2271Kb max_used=2313Kb free=3488Kb
 bounds [0x000002655d500000, 0x000002655d770000, 0x000002655daa0000]
 total_blobs=4492 nmethods=3724 adapters=680
 compilation: enabled
              stopped_count=0, restarted_count=0
 full_count=0

Compilation events (20 events):
Event: 9.562 Thread 0x0000026572bb2800 3792       2       java.util.concurrent.locks.AbstractQueuedSynchronizer$ConditionObject::unlinkCancelledWaiters (67 bytes)
Event: 9.562 Thread 0x0000026572bb2800 nmethod 3792 0x000002655e1f5a10 code [0x000002655e1f5be0, 0x000002655e1f5ed8]
Event: 9.562 Thread 0x0000026572bb2800 3794       2       java.lang.reflect.Proxy$ProxyBuilder::getElementType (19 bytes)
Event: 9.563 Thread 0x0000026572bb2800 nmethod 3794 0x000002655e1f6010 code [0x000002655e1f61e0, 0x000002655e1f6398]
Event: 9.563 Thread 0x0000026572bb2800 3793       2       java.lang.reflect.Proxy$ProxyBuilder::addElementType (19 bytes)
Event: 9.563 Thread 0x0000026572bb2800 nmethod 3793 0x000002655e1f6490 code [0x000002655e1f6660, 0x000002655e1f6868]
Event: 9.576 Thread 0x0000026572ba4000 nmethod 3696 0x0000026565149710 code [0x00000265651498e0, 0x000002656514a1f8]
Event: 9.576 Thread 0x0000026572ba4000 3594   !   4       java.util.concurrent.ConcurrentHashMap::computeIfAbsent (576 bytes)
Event: 9.604 Thread 0x0000026572bb2800 3798       1       org.gradle.internal.instantiation.generator.AbstractClassGenerator$PropertyMetadata::field (6 bytes)
Event: 9.605 Thread 0x0000026572bb2800 nmethod 3798 0x000002656514a690 code [0x000002656514a840, 0x000002656514a938]
Event: 9.607 Thread 0x0000026572bb2800 3800       3       org.gradle.internal.instantiation.generator.AbstractClassGenerator$ExtensibleTypePropertyHandler::unclaimed (64 bytes)
Event: 9.608 Thread 0x0000026572bb2800 nmethod 3800 0x000002655e1f6a10 code [0x000002655e1f6c40, 0x000002655e1f72c8]
Event: 9.608 Thread 0x0000026572bb2800 3801   !   3       java.lang.reflect.Field::declaredAnnotations (82 bytes)
Event: 9.609 Thread 0x0000026572bb2800 nmethod 3801 0x000002655e1f7510 code [0x000002655e1f7720, 0x000002655e1f7cc8]
Event: 9.610 Thread 0x0000026572bb2800 3803       3       org.gradle.internal.instantiation.generator.AsmBackedClassGenerator$ClassBuilderImpl::applyConventionMappingToGetter (479 bytes)
Event: 9.614 Thread 0x0000026572bb2800 nmethod 3803 0x000002655e1f7f90 code [0x000002655e1f85a0, 0x000002655e1fb268]
Event: 9.614 Thread 0x0000026572bb2800 3804       3       org.gradle.internal.instantiation.generator.AsmBackedClassGenerator$ClassBuilderImpl::applyConventionMappingToProperty (34 bytes)
Event: 9.615 Thread 0x0000026572bb2800 nmethod 3804 0x000002655e1fc310 code [0x000002655e1fc560, 0x000002655e1fcbe8]
Event: 9.615 Thread 0x0000026572bb2800 3805       3       com.google.common.collect.AbstractMapBasedMultimap$WrappedCollection$WrappedIterator::hasNext (14 bytes)
Event: 9.615 Thread 0x0000026572bb2800 nmethod 3805 0x000002655e1fce90 code [0x000002655e1fd080, 0x000002655e1fd488]

GC Heap History (16 events):
Event: 1.308 GC heap before
{Heap before GC invocations=0 (full 0):
 garbage-first heap   total 126976K, used 30720K [0x00000000a0000000, 0x0000000100000000)
  region size 1024K, 24 young (24576K), 0 survivors (0K)
 Metaspace       used 9832K, capacity 10058K, committed 10112K, reserved 1058816K
  class space    used 1008K, capacity 1102K, committed 1152K, reserved 1048576K
}
Event: 1.319 GC heap after
{Heap after GC invocations=1 (full 0):
 garbage-first heap   total 126976K, used 9216K [0x00000000a0000000, 0x0000000100000000)
  region size 1024K, 3 young (3072K), 3 survivors (3072K)
 Metaspace       used 9832K, capacity 10058K, committed 10112K, reserved 1058816K
  class space    used 1008K, capacity 1102K, committed 1152K, reserved 1048576K
}
Event: 4.125 GC heap before
{Heap before GC invocations=1 (full 0):
 garbage-first heap   total 126976K, used 82944K [0x00000000a0000000, 0x0000000100000000)
  region size 1024K, 74 young (75776K), 3 survivors (3072K)
 Metaspace       used 18263K, capacity 18719K, committed 19072K, reserved 1067008K
  class space    used 2151K, capacity 2308K, committed 2432K, reserved 1048576K
}
Event: 4.197 GC heap after
{Heap after GC invocations=2 (full 0):
 garbage-first heap   total 126976K, used 16332K [0x00000000a0000000, 0x0000000100000000)
  region size 1024K, 10 young (10240K), 10 survivors (10240K)
 Metaspace       used 18263K, capacity 18719K, committed 19072K, reserved 1067008K
  class space    used 2151K, capacity 2308K, committed 2432K, reserved 1048576K
}
Event: 4.667 GC heap before
{Heap before GC invocations=2 (full 0):
 garbage-first heap   total 126976K, used 33740K [0x00000000a0000000, 0x0000000100000000)
  region size 1024K, 28 young (28672K), 10 survivors (10240K)
 Metaspace       used 20650K, capacity 21130K, committed 21296K, reserved 1069056K
  class space    used 2476K, capacity 2626K, committed 2688K, reserved 1048576K
}
Event: 4.679 GC heap after
{Heap after GC invocations=3 (full 0):
 garbage-first heap   total 126976K, used 16880K [0x00000000a0000000, 0x0000000100000000)
  region size 1024K, 1 young (1024K), 1 survivors (1024K)
 Metaspace       used 20650K, capacity 21130K, committed 21296K, reserved 1069056K
  class space    used 2476K, capacity 2626K, committed 2688K, reserved 1048576K
}
Event: 5.629 GC heap before
{Heap before GC invocations=4 (full 0):
 garbage-first heap   total 126976K, used 61936K [0x00000000a0000000, 0x0000000100000000)
  region size 1024K, 46 young (47104K), 1 survivors (1024K)
 Metaspace       used 25403K, capacity 25904K, committed 26160K, reserved 1073152K
  class space    used 3253K, capacity 3453K, committed 3456K, reserved 1048576K
}
Event: 5.634 GC heap after
{Heap after GC invocations=5 (full 0):
 garbage-first heap   total 126976K, used 18495K [0x00000000a0000000, 0x0000000100000000)
  region size 1024K, 3 young (3072K), 3 survivors (3072K)
 Metaspace       used 25403K, capacity 25904K, committed 26160K, reserved 1073152K
  class space    used 3253K, capacity 3453K, committed 3456K, reserved 1048576K
}
Event: 6.554 GC heap before
{Heap before GC invocations=5 (full 0):
 garbage-first heap   total 126976K, used 68671K [0x00000000a0000000, 0x0000000100000000)
  region size 1024K, 52 young (53248K), 3 survivors (3072K)
 Metaspace       used 30092K, capacity 30794K, committed 31024K, reserved 1077248K
  class space    used 3959K, capacity 4217K, committed 4224K, reserved 1048576K
}
Event: 6.559 GC heap after
{Heap after GC invocations=6 (full 0):
 garbage-first heap   total 126976K, used 19860K [0x00000000a0000000, 0x0000000100000000)
  region size 1024K, 4 young (4096K), 4 survivors (4096K)
 Metaspace       used 30092K, capacity 30794K, committed 31024K, reserved 1077248K
  class space    used 3959K, capacity 4217K, committed 4224K, reserved 1048576K
}
Event: 7.316 GC heap before
{Heap before GC invocations=6 (full 0):
 garbage-first heap   total 126976K, used 37268K [0x00000000a0000000, 0x0000000100000000)
  region size 1024K, 22 young (22528K), 4 survivors (4096K)
 Metaspace       used 34995K, capacity 35781K, committed 35920K, reserved 1081344K
  class space    used 4459K, capacity 4774K, committed 4864K, reserved 1048576K
}
Event: 7.328 GC heap after
{Heap after GC invocations=7 (full 0):
 garbage-first heap   total 126976K, used 22242K [0x00000000a0000000, 0x0000000100000000)
  region size 1024K, 7 young (7168K), 7 survivors (7168K)
 Metaspace       used 34995K, capacity 35781K, committed 35920K, reserved 1081344K
  class space    used 4459K, capacity 4774K, committed 4864K, reserved 1048576K
}
Event: 8.234 GC heap before
{Heap before GC invocations=8 (full 0):
 garbage-first heap   total 126976K, used 73442K [0x00000000a0000000, 0x0000000100000000)
  region size 1024K, 55 young (56320K), 7 survivors (7168K)
 Metaspace       used 39512K, capacity 40459K, committed 40784K, reserved 1085440K
  class space    used 4937K, capacity 5304K, committed 5376K, reserved 1048576K
}
Event: 8.245 GC heap after
{Heap after GC invocations=9 (full 0):
 garbage-first heap   total 126976K, used 26134K [0x00000000a0000000, 0x0000000100000000)
  region size 1024K, 7 young (7168K), 7 survivors (7168K)
 Metaspace       used 39512K, capacity 40459K, committed 40784K, reserved 1085440K
  class space    used 4937K, capacity 5304K, committed 5376K, reserved 1048576K
}
Event: 9.294 GC heap before
{Heap before GC invocations=9 (full 0):
 garbage-first heap   total 126976K, used 77334K [0x00000000a0000000, 0x0000000100000000)
  region size 1024K, 57 young (58368K), 7 survivors (7168K)
 Metaspace       used 43648K, capacity 44646K, committed 44880K, reserved 1089536K
  class space    used 5447K, capacity 5838K, committed 5888K, reserved 1048576K
}
Event: 9.309 GC heap after
{Heap after GC invocations=10 (full 0):
 garbage-first heap   total 126976K, used 29208K [0x00000000a0000000, 0x0000000100000000)
  region size 1024K, 7 young (7168K), 7 survivors (7168K)
 Metaspace       used 43648K, capacity 44646K, committed 44880K, reserved 1089536K
  class space    used 5447K, capacity 5838K, committed 5888K, reserved 1048576K
}

Deoptimization events (20 events):
Event: 9.048 Thread 0x000002657641d800 DEOPT PACKING pc=0x000002656508a204 sp=0x0000008e8b4f8810
Event: 9.048 Thread 0x000002657641d800 DEOPT UNPACKING pc=0x000002655d54a1af sp=0x0000008e8b4f8798 mode 2
Event: 9.048 Thread 0x000002657641d800 Uncommon trap: trap_request=0xffffff4d fr.pc=0x00000265650dd52c relative=0x00000000000006cc
Event: 9.048 Thread 0x000002657641d800 Uncommon trap: reason=unstable_if action=reinterpret pc=0x00000265650dd52c method=java.util.HashMap.putVal(ILjava/lang/Object;Ljava/lang/Object;ZZ)Ljava/lang/Object; @ 85 c2
Event: 9.048 Thread 0x000002657641d800 DEOPT PACKING pc=0x00000265650dd52c sp=0x0000008e8b4f87c0
Event: 9.048 Thread 0x000002657641d800 DEOPT UNPACKING pc=0x000002655d54a1af sp=0x0000008e8b4f8748 mode 2
Event: 9.053 Thread 0x000002657641d800 Uncommon trap: trap_request=0xffffff4d fr.pc=0x00000265650ed7f8 relative=0x0000000000000318
Event: 9.053 Thread 0x000002657641d800 Uncommon trap: reason=unstable_if action=reinterpret pc=0x00000265650ed7f8 method=org.gradle.internal.reflect.PropertyAccessorType.isGetGetterName(Ljava/lang/String;)Z @ 14 c2
Event: 9.053 Thread 0x000002657641d800 DEOPT PACKING pc=0x00000265650ed7f8 sp=0x0000008e8b4f9350
Event: 9.053 Thread 0x000002657641d800 DEOPT UNPACKING pc=0x000002655d54a1af sp=0x0000008e8b4f92a8 mode 2
Event: 9.075 Thread 0x000002657641d800 DEOPT PACKING pc=0x000002655db5de9b sp=0x0000008e8b4f8eb0
Event: 9.075 Thread 0x000002657641d800 DEOPT UNPACKING pc=0x000002655d54a95e sp=0x0000008e8b4f83f0 mode 0
Event: 9.087 Thread 0x000002657641d800 Uncommon trap: trap_request=0xffffff4d fr.pc=0x00000265650ed188 relative=0x00000000000000e8
Event: 9.087 Thread 0x000002657641d800 Uncommon trap: reason=unstable_if action=reinterpret pc=0x00000265650ed188 method=org.objectweb.asm.ByteVector.putShort(I)Lorg/objectweb/asm/ByteVector; @ 13 c2
Event: 9.087 Thread 0x000002657641d800 DEOPT PACKING pc=0x00000265650ed188 sp=0x0000008e8b4f8e30
Event: 9.087 Thread 0x000002657641d800 DEOPT UNPACKING pc=0x000002655d54a1af sp=0x0000008e8b4f8dc8 mode 2
Event: 9.166 Thread 0x000002657641d800 DEOPT PACKING pc=0x000002655e11662f sp=0x0000008e8b4f58d0
Event: 9.166 Thread 0x000002657641d800 DEOPT UNPACKING pc=0x000002655d54a95e sp=0x0000008e8b4f4d58 mode 0
Event: 9.390 Thread 0x000002657641d800 DEOPT PACKING pc=0x000002655e11662f sp=0x0000008e8b4f1920
Event: 9.390 Thread 0x000002657641d800 DEOPT UNPACKING pc=0x000002655d54a95e sp=0x0000008e8b4f0da8 mode 0

Classes redefined (0 events):
No events

Internal exceptions (20 events):
Event: 9.293 Thread 0x000002657641d800 Exception <a 'java/lang/ClassNotFoundException'{0x00000000a4ae2e18}: org/gradle/internal/metaobject/ConfigureDelegateBeanInfo> (0x00000000a4ae2e18) thrown at [src/hotspot/share/classfile/systemDictionary.cpp, line 230]
Event: 9.309 Thread 0x000002657641d800 Exception <a 'java/lang/ClassNotFoundException'{0x00000000a7b10a48}: org/gradle/internal/metaobject/ConfigureDelegateCustomizer> (0x00000000a7b10a48) thrown at [src/hotspot/share/classfile/systemDictionary.cpp, line 230]
Event: 9.316 Thread 0x000002657641d800 Exception <a 'java/lang/ClassNotFoundException'{0x00000000a7b6bb30}: org/gradle/api/internal/initialization/DefaultScriptHandlerBeanInfo> (0x00000000a7b6bb30) thrown at [src/hotspot/share/classfile/systemDictionary.cpp, line 230]
Event: 9.317 Thread 0x000002657641d800 Exception <a 'java/lang/ClassNotFoundException'{0x00000000a7b961d8}: org/gradle/api/internal/initialization/DefaultScriptHandlerCustomizer> (0x00000000a7b961d8) thrown at [src/hotspot/share/classfile/systemDictionary.cpp, line 230]
Event: 9.331 Thread 0x000002657641d800 Exception <a 'java/lang/ClassNotFoundException'{0x00000000a7ab2798}: org/gradle/api/internal/project/DefaultProject_DecoratedBeanInfo> (0x00000000a7ab2798) thrown at [src/hotspot/share/classfile/systemDictionary.cpp, line 230]
Event: 9.332 Thread 0x000002657641d800 Exception <a 'java/lang/ClassNotFoundException'{0x00000000a7ad8ce0}: org/gradle/api/internal/project/DefaultProjectBeanInfo> (0x00000000a7ad8ce0) thrown at [src/hotspot/share/classfile/systemDictionary.cpp, line 230]
Event: 9.335 Thread 0x000002657641d800 Exception <a 'java/lang/ClassNotFoundException'{0x00000000a7aff320}: org/gradle/api/internal/project/DefaultProjectCustomizer> (0x00000000a7aff320) thrown at [src/hotspot/share/classfile/systemDictionary.cpp, line 230]
Event: 9.344 Thread 0x000002657641d800 Exception <a 'java/lang/ClassNotFoundException'{0x00000000a79bb9a8}: org/gradle/api/internal/project/DefaultProject_DecoratedCustomizer> (0x00000000a79bb9a8) thrown at [src/hotspot/share/classfile/systemDictionary.cpp, line 230]
Event: 9.385 Thread 0x000002657641d800 Exception <a 'java/lang/ClassNotFoundException'{0x00000000a74cc0e8}: org/gradle/api/internal/artifacts/dsl/DefaultRepositoryHandler_DecoratedBeanInfo> (0x00000000a74cc0e8) thrown at [src/hotspot/share/classfile/systemDictionary.cpp, line 230]
Event: 9.387 Thread 0x000002657641d800 Exception <a 'java/lang/ClassNotFoundException'{0x00000000a7305aa8}: org/gradle/api/internal/artifacts/dsl/DefaultRepositoryHandlerBeanInfo> (0x00000000a7305aa8) thrown at [src/hotspot/share/classfile/systemDictionary.cpp, line 230]
Event: 9.388 Thread 0x000002657641d800 Exception <a 'java/lang/ClassNotFoundException'{0x00000000a73415b8}: org/gradle/api/internal/artifacts/DefaultArtifactRepositoryContainerBeanInfo> (0x00000000a73415b8) thrown at [src/hotspot/share/classfile/systemDictionary.cpp, line 230]
Event: 9.390 Thread 0x000002657641d800 Exception <a 'java/lang/ClassNotFoundException'{0x00000000a736bd08}: org/gradle/api/internal/DefaultNamedDomainObjectListBeanInfo> (0x00000000a736bd08) thrown at [src/hotspot/share/classfile/systemDictionary.cpp, line 230]
Event: 9.391 Thread 0x000002657641d800 Exception <a 'java/lang/ClassNotFoundException'{0x00000000a7397f00}: org/gradle/api/internal/DefaultNamedDomainObjectCollectionBeanInfo> (0x00000000a7397f00) thrown at [src/hotspot/share/classfile/systemDictionary.cpp, line 230]
Event: 9.393 Thread 0x000002657641d800 Exception <a 'java/lang/ClassNotFoundException'{0x00000000a73c3770}: org/gradle/api/internal/DefaultDomainObjectCollectionBeanInfo> (0x00000000a73c3770) thrown at [src/hotspot/share/classfile/systemDictionary.cpp, line 230]
Event: 9.394 Thread 0x000002657641d800 Exception <a 'java/lang/ClassNotFoundException'{0x00000000a73eebd8}: org/gradle/api/internal/DefaultDomainObjectCollectionCustomizer> (0x00000000a73eebd8) thrown at [src/hotspot/share/classfile/systemDictionary.cpp, line 230]
Event: 9.398 Thread 0x000002657641d800 Exception <a 'java/lang/ClassNotFoundException'{0x00000000a7238020}: org/gradle/api/internal/DefaultNamedDomainObjectCollectionCustomizer> (0x00000000a7238020) thrown at [src/hotspot/share/classfile/systemDictionary.cpp, line 230]
Event: 9.405 Thread 0x000002657641d800 Exception <a 'java/lang/ClassNotFoundException'{0x00000000a72950b8}: org/gradle/api/internal/DefaultNamedDomainObjectListCustomizer> (0x00000000a72950b8) thrown at [src/hotspot/share/classfile/systemDictionary.cpp, line 230]
Event: 9.408 Thread 0x000002657641d800 Exception <a 'java/lang/ClassNotFoundException'{0x00000000a72e9f88}: org/gradle/api/internal/artifacts/DefaultArtifactRepositoryContainerCustomizer> (0x00000000a72e9f88) thrown at [src/hotspot/share/classfile/systemDictionary.cpp, line 230]
Event: 9.412 Thread 0x000002657641d800 Exception <a 'java/lang/ClassNotFoundException'{0x00000000a7134e78}: org/gradle/api/internal/artifacts/dsl/DefaultRepositoryHandlerCustomizer> (0x00000000a7134e78) thrown at [src/hotspot/share/classfile/systemDictionary.cpp, line 230]
Event: 9.419 Thread 0x000002657641d800 Exception <a 'java/lang/ClassNotFoundException'{0x00000000a7192ec8}: org/gradle/api/internal/artifacts/dsl/DefaultRepositoryHandler_DecoratedCustomizer> (0x00000000a7192ec8) thrown at [src/hotspot/share/classfile/systemDictionary.cpp, line 230]

Events (20 events):
Event: 9.592 loading class org/gradle/api/internal/artifacts/DefaultDependencyConstraintSet
Event: 9.592 loading class org/gradle/api/internal/artifacts/DefaultDependencyConstraintSet done
Event: 9.593 loading class org/gradle/api/internal/CompositeDomainObjectSet
Event: 9.593 loading class org/gradle/api/internal/CompositeDomainObjectSet done
Event: 9.594 loading class org/gradle/api/internal/artifacts/DefaultPublishArtifactSet
Event: 9.594 loading class org/gradle/api/internal/artifacts/DefaultPublishArtifactSet done
Event: 9.596 loading class org/gradle/api/internal/artifacts/configurations/DefaultConfiguration$ConfigurationResolvableDependencies
Event: 9.596 loading class org/gradle/api/internal/artifacts/configurations/DefaultConfiguration$ConfigurationResolvableDependencies done
Event: 9.597 loading class org/gradle/api/internal/artifacts/configurations/ResolvableDependenciesInternal
Event: 9.597 loading class org/gradle/api/internal/artifacts/configurations/ResolvableDependenciesInternal done
Event: 9.599 loading class org/gradle/api/internal/artifacts/configurations/DefaultConfigurationPublications
Event: 9.599 loading class org/gradle/api/internal/artifacts/configurations/DefaultConfigurationPublications done
Event: 9.601 loading class org/gradle/api/file/FileCollection$AntType
Event: 9.601 loading class org/gradle/api/file/FileCollection$AntType done
Event: 9.602 loading class org/gradle/api/internal/file/collections/FileSystemMirroringFileTree
Event: 9.602 loading class org/gradle/api/internal/file/collections/FileSystemMirroringFileTree done
Event: 9.603 loading class org/gradle/api/artifacts/ExcludeRule
Event: 9.603 loading class org/gradle/api/artifacts/ExcludeRule done
Event: 9.621 loading class org/gradle/api/Action
Event: 9.621 loading class org/gradle/api/Action done


Dynamic libraries:
0x00007ff6f6210000 - 0x00007ff6f621a000 	C:\Program Files\Android\Android Studio\jbr\bin\java.exe
0x00007ffe82270000 - 0x00007ffe82468000 	C:\Windows\SYSTEM32\ntdll.dll
0x00007ffe80d10000 - 0x00007ffe80dcf000 	C:\Windows\System32\KERNEL32.DLL
0x00007ffe7ffa0000 - 0x00007ffe8027a000 	C:\Windows\System32\KERNELBASE.dll
0x00007ffe7fe00000 - 0x00007ffe7ff00000 	C:\Windows\System32\ucrtbase.dll
0x00007ffe67c10000 - 0x00007ffe67c27000 	C:\Program Files\Android\Android Studio\jbr\bin\jli.dll
0x00007ffe65920000 - 0x00007ffe6593b000 	C:\Program Files\Android\Android Studio\jbr\bin\VCRUNTIME140.dll
0x00007ffe807f0000 - 0x00007ffe8098d000 	C:\Windows\System32\USER32.dll
0x00007ffe7fbd0000 - 0x00007ffe7fbf2000 	C:\Windows\System32\win32u.dll
0x00007ffe5eac0000 - 0x00007ffe5ed5a000 	C:\Windows\WinSxS\amd64_microsoft.windows.common-controls_6595b64144ccf1df_6.0.19041.1110_none_60b5254171f9507e\COMCTL32.dll
0x00007ffe80ac0000 - 0x00007ffe80aeb000 	C:\Windows\System32\GDI32.dll
0x00007ffe80630000 - 0x00007ffe806ce000 	C:\Windows\System32\msvcrt.dll
0x00007ffe7f980000 - 0x00007ffe7fa90000 	C:\Windows\System32\gdi32full.dll
0x00007ffe7ff00000 - 0x00007ffe7ff9d000 	C:\Windows\System32\msvcp_win.dll
0x00007ffe80b10000 - 0x00007ffe80b40000 	C:\Windows\System32\IMM32.DLL
0x00007ffe67b90000 - 0x00007ffe67b9c000 	C:\Program Files\Android\Android Studio\jbr\bin\vcruntime140_1.dll
0x00007ffe49f80000 - 0x00007ffe4a00d000 	C:\Program Files\Android\Android Studio\jbr\bin\msvcp140.dll
0x00007ffe47fe0000 - 0x00007ffe48b9c000 	C:\Program Files\Android\Android Studio\jbr\bin\server\jvm.dll
0x00007ffe804d0000 - 0x00007ffe8057e000 	C:\Windows\System32\ADVAPI32.dll
0x00007ffe81860000 - 0x00007ffe818fc000 	C:\Windows\System32\sechost.dll
0x00007ffe81730000 - 0x00007ffe81856000 	C:\Windows\System32\RPCRT4.dll
0x00007ffe80b50000 - 0x00007ffe80b58000 	C:\Windows\System32\PSAPI.DLL
0x00007ffe63a00000 - 0x00007ffe63a09000 	C:\Windows\SYSTEM32\WSOCK32.dll
0x00007ffe74600000 - 0x00007ffe7460a000 	C:\Windows\SYSTEM32\VERSION.dll
0x00007ffe68b60000 - 0x00007ffe68b87000 	C:\Windows\SYSTEM32\WINMM.dll
0x00007ffe80dd0000 - 0x00007ffe80e3b000 	C:\Windows\System32\WS2_32.dll
0x00007ffe7e1d0000 - 0x00007ffe7e1e2000 	C:\Windows\SYSTEM32\kernel.appcore.dll
0x00007ffe658c0000 - 0x00007ffe658d0000 	C:\Program Files\Android\Android Studio\jbr\bin\verify.dll
0x00007ffe7d750000 - 0x00007ffe7d934000 	C:\Windows\SYSTEM32\DBGHELP.DLL
0x00007ffe67820000 - 0x00007ffe67854000 	C:\Windows\SYSTEM32\dbgcore.DLL
0x00007ffe7fa90000 - 0x00007ffe7fb12000 	C:\Windows\System32\bcryptPrimitives.dll
0x00007ffe580f0000 - 0x00007ffe58118000 	C:\Program Files\Android\Android Studio\jbr\bin\java.dll
0x00007ffe5d5e0000 - 0x00007ffe5d5ea000 	C:\Program Files\Android\Android Studio\jbr\bin\jimage.dll
0x00007ffe5ac30000 - 0x00007ffe5ac48000 	C:\Program Files\Android\Android Studio\jbr\bin\zip.dll
0x00007ffe80f80000 - 0x00007ffe816c4000 	C:\Windows\System32\SHELL32.dll
0x00007ffe7da20000 - 0x00007ffe7e1b3000 	C:\Windows\SYSTEM32\windows.storage.dll
0x00007ffe81d80000 - 0x00007ffe820d4000 	C:\Windows\System32\combase.dll
0x00007ffe7f300000 - 0x00007ffe7f32e000 	C:\Windows\SYSTEM32\Wldp.dll
0x00007ffe80580000 - 0x00007ffe8062d000 	C:\Windows\System32\SHCORE.dll
0x00007ffe80330000 - 0x00007ffe80385000 	C:\Windows\System32\shlwapi.dll
0x00007ffe7f8c0000 - 0x00007ffe7f8df000 	C:\Windows\SYSTEM32\profapi.dll
0x00007ffe59210000 - 0x00007ffe59229000 	C:\Program Files\Android\Android Studio\jbr\bin\net.dll
0x00007ffe72690000 - 0x00007ffe7279a000 	C:\Windows\SYSTEM32\WINHTTP.dll
0x00007ffe7f060000 - 0x00007ffe7f0ca000 	C:\Windows\system32\mswsock.dll
0x00007ffe584c0000 - 0x00007ffe584d3000 	C:\Program Files\Android\Android Studio\jbr\bin\nio.dll
0x00007ffe54290000 - 0x00007ffe542b7000 	C:\Users\hp\.gradle\native\e1d6ef7f7dcc3fd88c89a11ec53ec762bb8ba0a96d01ffa2cd45eb1d1d8dd5c5\windows-amd64\native-platform.dll
0x00007ffe49dc0000 - 0x00007ffe49f04000 	C:\Users\hp\.gradle\native\0d407fdbe67a94daf76414ababcb853783967236a71b16ec16e742cd7a986fd3\windows-amd64\native-platform-file-events.dll
0x00007ffe5d5d0000 - 0x00007ffe5d5da000 	C:\Program Files\Android\Android Studio\jbr\bin\management.dll
0x00007ffe5d520000 - 0x00007ffe5d52b000 	C:\Program Files\Android\Android Studio\jbr\bin\management_ext.dll
0x00007ffe7f250000 - 0x00007ffe7f268000 	C:\Windows\SYSTEM32\CRYPTSP.dll
0x00007ffe7e980000 - 0x00007ffe7e9b4000 	C:\Windows\system32\rsaenh.dll
0x00007ffe7fdd0000 - 0x00007ffe7fdf7000 	C:\Windows\System32\bcrypt.dll
0x00007ffe7f880000 - 0x00007ffe7f8ae000 	C:\Windows\SYSTEM32\USERENV.dll
0x00007ffe7f270000 - 0x00007ffe7f27c000 	C:\Windows\SYSTEM32\CRYPTBASE.dll
0x00007ffe7ed50000 - 0x00007ffe7ed8c000 	C:\Windows\SYSTEM32\IPHLPAPI.DLL
0x00007ffe80b40000 - 0x00007ffe80b48000 	C:\Windows\System32\NSI.dll
0x00007ffe73700000 - 0x00007ffe73717000 	C:\Windows\SYSTEM32\dhcpcsvc6.DLL
0x00007ffe746e0000 - 0x00007ffe746fd000 	C:\Windows\SYSTEM32\dhcpcsvc.DLL
0x00007ffe7ed90000 - 0x00007ffe7ee5b000 	C:\Windows\SYSTEM32\DNSAPI.dll

dbghelp: loaded successfully - version: 4.0.5 - missing functions: none
symbol engine: initialized successfully - sym options: 0x614 - pdb path: .;C:\Program Files\Android\Android Studio\jbr\bin;C:\Windows\SYSTEM32;C:\Windows\WinSxS\amd64_microsoft.windows.common-controls_6595b64144ccf1df_6.0.19041.1110_none_60b5254171f9507e;C:\Program Files\Android\Android Studio\jbr\bin\server;C:\Users\hp\.gradle\native\e1d6ef7f7dcc3fd88c89a11ec53ec762bb8ba0a96d01ffa2cd45eb1d1d8dd5c5\windows-amd64;C:\Users\hp\.gradle\native\0d407fdbe67a94daf76414ababcb853783967236a71b16ec16e742cd7a986fd3\windows-amd64

VM Arguments:
jvm_args: --add-opens=java.base/java.util=ALL-UNNAMED --add-opens=java.base/java.lang=ALL-UNNAMED --add-opens=java.base/java.lang.invoke=ALL-UNNAMED --add-opens=java.base/java.util=ALL-UNNAMED --add-opens=java.prefs/java.util.prefs=ALL-UNNAMED --add-opens=java.prefs/java.util.prefs=ALL-UNNAMED --add-opens=java.base/java.nio.charset=ALL-UNNAMED --add-opens=java.base/java.net=ALL-UNNAMED --add-opens=java.base/java.util.concurrent.atomic=ALL-UNNAMED -Xmx1536M -Dfile.encoding=windows-1252 -Duser.country=US -Duser.language=en -Duser.variant 
java_command: org.gradle.launcher.daemon.bootstrap.GradleDaemon 7.4
java_class_path (initial): C:\Users\hp\.gradle\wrapper\dists\gradle-7.4-all\aadb4xli5jkdsnukm30eibyiu\gradle-7.4\lib\gradle-launcher-7.4.jar
Launcher Type: SUN_STANDARD

[Global flags]
     intx CICompilerCount                          = 4                                         {product} {ergonomic}
     uint ConcGCThreads                            = 2                                         {product} {ergonomic}
     uint G1ConcRefinementThreads                  = 8                                         {product} {ergonomic}
   size_t G1HeapRegionSize                         = 1048576                                   {product} {ergonomic}
    uintx GCDrainStackTargetSize                   = 64                                        {product} {ergonomic}
   size_t InitialHeapSize                          = 130023424                                 {product} {ergonomic}
   size_t MarkStackSize                            = 4194304                                   {product} {ergonomic}
   size_t MaxHeapSize                              = 1610612736                                {product} {command line}
   size_t MaxNewSize                               = 965738496                                 {product} {ergonomic}
   size_t MinHeapDeltaBytes                        = 1048576                                   {product} {ergonomic}
    uintx NonNMethodCodeHeapSize                   = 5836300                                {pd product} {ergonomic}
    uintx NonProfiledCodeHeapSize                  = 122910970                              {pd product} {ergonomic}
    uintx ProfiledCodeHeapSize                     = 122910970                              {pd product} {ergonomic}
    uintx ReservedCodeCacheSize                    = 251658240                              {pd product} {ergonomic}
     bool SegmentedCodeCache                       = true                                      {product} {ergonomic}
     bool UseCompressedClassPointers               = true                                 {lp64_product} {ergonomic}
     bool UseCompressedOops                        = true                                 {lp64_product} {ergonomic}
     bool UseG1GC                                  = true                                      {product} {ergonomic}
     bool UseLargePagesIndividualAllocation        = false                                  {pd product} {ergonomic}

Logging:
Log output configuration:
 #0: stdout all=warning uptime,level,tags
 #1: stderr all=off uptime,level,tags

Environment Variables:
JAVA_HOME=C:\Program Files\Android\Android Studio\jbr
CLASSPATH=F:\bmi_calculator_app-master\android\\gradle\wrapper\gradle-wrapper.jar
PATH=C:\Program Files\Common Files\Oracle\Java\javapath;C:\Windows\system32;C:\Windows;C:\Windows\System32\Wbem;C:\Windows\System32\WindowsPowerShell\v1.0\;C:\Windows\System32\OpenSSH\;C:\Program Files (x86)\Intel\Intel(R) Management Engine Components\DAL;C:\Program Files\Intel\Intel(R) Management Engine Components\DAL;C:\Program Files\Java\jdk-19\bin;C:\Program Files\Git\cmd;C:\Users\hp\AppData\Local\Pub\Cache\bin;C:\Program Files\PostgreSQL\15\bin;C:\ProgramData\chocolatey\bin;C:\Program Files\nodejs\;C:\Users\hp\AppData\Local\Programs\Python\Python311\Scripts\;C:\Users\hp\AppData\Local\Programs\Python\Python311\;C:\Users\hp\AppData\Local\Microsoft\WindowsApps;C:\Users\hp\AppData\Local\Programs\Microsoft VS Code\bin;C:\src\flutter\bin;C:\Users\hp\AppData\Roaming\npm;C:\src\flutter\bin\mingit\cmd
USERNAME=hp
OS=Windows_NT
PROCESSOR_IDENTIFIER=Intel64 Family 6 Model 142 Stepping 10, GenuineIntel



---------------  S Y S T E M  ---------------

OS: Windows 10 , 64 bit Build 19041 (10.0.19041.2788)
OS uptime: 0 days 0:07 hours

CPU:total 8 (initial active 8) (4 cores per cpu, 2 threads per core) family 6 model 142 stepping 10 microcode 0xf0, cmov, cx8, fxsr, mmx, sse, sse2, sse3, ssse3, sse4.1, sse4.2, popcnt, avx, avx2, aes, clmul, erms, rtm, 3dnowpref, lzcnt, ht, tsc, tscinvbit, bmi1, bmi2, adx, fma

Memory: 4k page, system-wide physical 7811M (351M free)
TotalPageFile size 14061M (AvailPageFile size 1M)
current process WorkingSet (physical memory assigned to process): 256M, peak: 262M
current process commit charge ("private bytes"): 311M, peak: 317M

vm_info: OpenJDK 64-Bit Server VM (11.0.15+0-b2043.56-9505619) for windows-amd64 JRE (11.0.15+0-b2043.56-9505619), built on Jan 19 2023 02:48:00 by "builduser" with unknown MS VC++:1929

END.
